added manifest
adding: -jar.err(in = 0) (out= 0)(stored 0%)
adding: images/(in = 0) (out= 0)(stored 0%)
adding: images/gamepicend.png(in = 324576) (out= 324644)(deflated 0%)
adding: images/gamepicwinner.png(in = 321967) (out= 322012)(deflated 0%)
adding: images/launcherBack.png(in = 650087) (out= 650231)(deflated 0%)
adding: images/launcherBack2.png(in = 315047) (out= 314897)(deflated 0%)
adding: images/launcherLogo.png(in = 147544) (out= 147560)(deflated 0%)
adding: images/logo.png(in = 1165) (out= 1170)(deflated 0%)
adding: images/piccorssLogoClient.png(in = 89408) (out= 89438)(deflated 0%)
adding: images/piccorssLogoServer.png(in = 89609) (out= 89639)(deflated 0%)
adding: images/piccross.png(in = 293528) (out= 293618)(deflated 0%)
adding: images/piccross2.png(in = 251727) (out= 251807)(deflated 0%)
adding: images/piciconabt.gif(in = 1413) (out= 1418)(deflated 0%)
adding: images/piciconcol.gif(in = 1095) (out= 1100)(deflated 0%)
adding: images/piciconeng.gif(in = 3581) (out= 3582)(deflated 0%)
adding: images/piciconext.gif(in = 1171) (out= 1176)(deflated 0%)
adding: images/piciconfra.gif(in = 2487) (out= 2492)(deflated 0%)
adding: images/piciconger.gif(in = 222) (out= 227)(deflated -2%)
adding: images/piciconhlp.gif(in = 126) (out= 125)(deflated 0%)
adding: images/piciconnew.gif(in = 1453) (out= 1458)(deflated 0%)
adding: images/piciconpor.gif(in = 2668) (out= 2673)(deflated 0%)
adding: images/piciconsol.gif(in = 1393) (out= 1398)(deflated 0%)
adding: images/PICROSS1.png(in = 77140) (out= 77144)(deflated 0%)
adding: images/PICROSS2.png(in = 90202) (out= 90232)(deflated 0%)
adding: images/picrosse5image.jpg(in = 152929) (out= 148945)(deflated 2%)
adding: images/picrossLogo.png(in = 4304) (out= 4309)(deflated 0%)
adding: images/realengflag.gif(in = 1628) (out= 1633)(deflated 0%)
adding: images/splash.gif(in = 2929979) (out= 2675076)(deflated 8%)
adding: Main-jar.out(in = 1907) (out= 490)(deflated 74%)
adding: picross/(in = 0) (out= 0)(stored 0%)
adding: picross/Client$1.class(in = 1859) (out= 997)(deflated 46%)
adding: picross/Client$2.class(in = 1545) (out= 864)(deflated 44%)
adding: picross/Client$3.class(in = 1712) (out= 943)(deflated 44%)
adding: picross/Client$4.class(in = 772) (out= 506)(deflated 34%)
adding: picross/Client.class(in = 3262) (out= 1879)(deflated 42%)
adding: picross/Controller$1.class(in = 876) (out= 528)(deflated 39%)
adding: picross/Controller$2.class(in = 1042) (out= 609)(deflated 41%)
adding: picross/Controller$3$1.class(in = 856) (out= 547)(deflated 36%)
adding: picross/Controller$3.class(in = 2032) (out= 1063)(deflated 47%)
adding: picross/Controller$4$1.class(in = 804) (out= 506)(deflated 37%)
adding: picross/Controller$4.class(in = 1976) (out= 1051)(deflated 46%)
adding: picross/Controller$5.class(in = 2140) (out= 1123)(deflated 47%)
adding: picross/Controller.class(in = 5685) (out= 2937)(deflated 48%)
adding: picross/Game.class(in = 328) (out= 250)(deflated 23%)
adding: picross/Model.class(in = 2748) (out= 1321)(deflated 51%)
adding: picross/Server$1$1.class(in = 1665) (out= 888)(deflated 46%)
adding: picross/Server$1$2.class(in = 893) (out= 518)(deflated 41%)
adding: picross/Server$1.class(in = 1961) (out= 1036)(deflated 47%)
adding: picross/Server$2.class(in = 722) (out= 478)(deflated 33%)
adding: picross/Server$3.class(in = 1363) (out= 743)(deflated 45%)
adding: picross/Server$ClientHandler.class(in = 2008) (out= 1068)(deflated 46%)
adding: picross/Server.class(in = 3601) (out= 2016)(deflated 44%)
adding: picross/View$1.class(in = 724) (out= 465)(deflated 35%)
adding: picross/View$10.class(in = 741) (out= 480)(deflated 35%)
adding: picross/View$11.class(in = 737) (out= 480)(deflated 34%)
adding: picross/View$12.class(in = 679) (out= 449)(deflated 33%)
adding: picross/View$13.class(in = 679) (out= 450)(deflated 33%)
adding: picross/View$2.class(in = 538) (out= 365)(deflated 32%)
adding: picross/View$3.class(in = 538) (out= 368)(deflated 31%)
adding: picross/View$4.class(in = 726) (out= 473)(deflated 34%)
adding: picross/View$5.class(in = 1182) (out= 741)(deflated 37%)
adding: picross/View$6.class(in = 638) (out= 438)(deflated 31%)
adding: picross/View$7.class(in = 555) (out= 378)(deflated 31%)
adding: picross/View$8$1.class(in = 930) (out= 558)(deflated 40%)
adding: picross/View$8.class(in = 2154) (out= 1250)(deflated 41%)
adding: picross/View$9.class(in = 638) (out= 435)(deflated 31%)
adding: picross/View.class(in = 10704) (out= 5499)(deflated 48%)
adding: Saved Grids/(in = 0) (out= 0)(stored 0%)
adding: Saved Grids/Saved Grid1.csv(in = 55) (out= 15)(deflated 72%)
